[2025-08-06T11:18:38.265+0000] {manager.py:487} INFO - Processing files using up to 2 processes at a time 
[2025-08-06T11:18:38.266+0000] {manager.py:488} INFO - Process each file at most once every 30 seconds
[2025-08-06T11:18:38.266+0000] {manager.py:489} INFO - Checking for new files in /opt/airflow/dags every 300 seconds
[2025-08-06T11:18:38.267+0000] {manager.py:759} INFO - Searching for files in /opt/airflow/dags
[2025-08-06T11:18:38.278+0000] {manager.py:762} INFO - There are 1 files in /opt/airflow/dags
[2025-08-06T11:18:38.846+0000] {manager.py:893} INFO - 
================================================================================
DAG File Processing Stats

File Path                               PID  Runtime      # DAGs    # Errors  Last Runtime    Last Run
------------------------------------  -----  ---------  --------  ----------  --------------  ----------
/opt/airflow/dags/ml_pipeline_dag.py     33  0.03s             0           0
================================================================================
[2025-08-06T11:19:10.966+0000] {manager.py:893} INFO - 
================================================================================
DAG File Processing Stats

File Path                             PID    Runtime      # DAGs    # Errors  Last Runtime    Last Run
------------------------------------  -----  ---------  --------  ----------  --------------  -------------------
/opt/airflow/dags/ml_pipeline_dag.py                           0           1  0.14s           2025-08-06T11:19:09
================================================================================
[2025-08-06T11:19:43.120+0000] {manager.py:893} INFO - 
================================================================================
DAG File Processing Stats

File Path                             PID    Runtime      # DAGs    # Errors  Last Runtime    Last Run
------------------------------------  -----  ---------  --------  ----------  --------------  -------------------
/opt/airflow/dags/ml_pipeline_dag.py                           0           1  0.09s           2025-08-06T11:19:39
================================================================================
[2025-08-06T11:20:15.223+0000] {manager.py:893} INFO - 
================================================================================
DAG File Processing Stats

File Path                             PID    Runtime      # DAGs    # Errors  Last Runtime    Last Run
------------------------------------  -----  ---------  --------  ----------  --------------  -------------------
/opt/airflow/dags/ml_pipeline_dag.py                           0           1  0.06s           2025-08-06T11:20:09
================================================================================
[2025-08-06T11:20:47.331+0000] {manager.py:893} INFO - 
================================================================================
DAG File Processing Stats

File Path                             PID    Runtime      # DAGs    # Errors  Last Runtime    Last Run
------------------------------------  -----  ---------  --------  ----------  --------------  -------------------
/opt/airflow/dags/ml_pipeline_dag.py                           0           1  0.08s           2025-08-06T11:20:40
================================================================================
[2025-08-06T11:21:19.414+0000] {manager.py:893} INFO - 
================================================================================
DAG File Processing Stats

File Path                             PID    Runtime      # DAGs    # Errors  Last Runtime    Last Run
------------------------------------  -----  ---------  --------  ----------  --------------  -------------------
/opt/airflow/dags/ml_pipeline_dag.py                           0           1  0.07s           2025-08-06T11:21:10
================================================================================
[2025-08-06T11:21:51.577+0000] {manager.py:893} INFO - 
================================================================================
DAG File Processing Stats

File Path                             PID    Runtime      # DAGs    # Errors  Last Runtime    Last Run
------------------------------------  -----  ---------  --------  ----------  --------------  -------------------
/opt/airflow/dags/ml_pipeline_dag.py                           0           1  0.09s           2025-08-06T11:21:40
================================================================================
[2025-08-06T11:22:23.599+0000] {manager.py:893} INFO - 
================================================================================
DAG File Processing Stats

File Path                             PID    Runtime      # DAGs    # Errors  Last Runtime    Last Run
------------------------------------  -----  ---------  --------  ----------  --------------  -------------------
/opt/airflow/dags/ml_pipeline_dag.py                           0           1  0.14s           2025-08-06T11:22:11
================================================================================
[2025-08-06T11:22:55.769+0000] {manager.py:893} INFO - 
================================================================================
DAG File Processing Stats

File Path                             PID    Runtime      # DAGs    # Errors  Last Runtime    Last Run
------------------------------------  -----  ---------  --------  ----------  --------------  -------------------
/opt/airflow/dags/ml_pipeline_dag.py                           0           1  0.09s           2025-08-06T11:22:41
================================================================================
[2025-08-06T11:23:27.952+0000] {manager.py:893} INFO - 
================================================================================
DAG File Processing Stats

File Path                             PID    Runtime      # DAGs    # Errors  Last Runtime    Last Run
------------------------------------  -----  ---------  --------  ----------  --------------  -------------------
/opt/airflow/dags/ml_pipeline_dag.py                           0           1  0.13s           2025-08-06T11:23:13
================================================================================
[2025-08-06T11:23:39.038+0000] {manager.py:759} INFO - Searching for files in /opt/airflow/dags
[2025-08-06T11:23:39.061+0000] {manager.py:762} INFO - There are 1 files in /opt/airflow/dags
[2025-08-06T11:24:00.113+0000] {manager.py:893} INFO - 
================================================================================
DAG File Processing Stats

File Path                             PID    Runtime      # DAGs    # Errors  Last Runtime    Last Run
------------------------------------  -----  ---------  --------  ----------  --------------  -------------------
/opt/airflow/dags/ml_pipeline_dag.py                           0           1  1.10s           2025-08-06T11:23:45
================================================================================
[2025-08-06T11:24:32.138+0000] {manager.py:893} INFO - 
================================================================================
DAG File Processing Stats

File Path                             PID    Runtime      # DAGs    # Errors  Last Runtime    Last Run
------------------------------------  -----  ---------  --------  ----------  --------------  -------------------
/opt/airflow/dags/ml_pipeline_dag.py                           0           1  0.07s           2025-08-06T11:24:17
================================================================================
[2025-08-06T11:25:04.273+0000] {manager.py:893} INFO - 
================================================================================
DAG File Processing Stats

File Path                             PID    Runtime      # DAGs    # Errors  Last Runtime    Last Run
------------------------------------  -----  ---------  --------  ----------  --------------  -------------------
/opt/airflow/dags/ml_pipeline_dag.py                           0           1  0.07s           2025-08-06T11:24:49
================================================================================
[2025-08-06T11:25:36.393+0000] {manager.py:893} INFO - 
================================================================================
DAG File Processing Stats

File Path                             PID    Runtime      # DAGs    # Errors  Last Runtime    Last Run
------------------------------------  -----  ---------  --------  ----------  --------------  -------------------
/opt/airflow/dags/ml_pipeline_dag.py                           0           1  0.10s           2025-08-06T11:25:21
================================================================================
[2025-08-06T11:26:08.525+0000] {manager.py:893} INFO - 
================================================================================
DAG File Processing Stats

File Path                             PID    Runtime      # DAGs    # Errors  Last Runtime    Last Run
------------------------------------  -----  ---------  --------  ----------  --------------  -------------------
/opt/airflow/dags/ml_pipeline_dag.py                           0           1  0.06s           2025-08-06T11:25:52
================================================================================
[2025-08-06T11:26:40.640+0000] {manager.py:893} INFO - 
================================================================================
DAG File Processing Stats

File Path                             PID    Runtime      # DAGs    # Errors  Last Runtime    Last Run
------------------------------------  -----  ---------  --------  ----------  --------------  -------------------
/opt/airflow/dags/ml_pipeline_dag.py                           0           1  0.06s           2025-08-06T11:26:24
================================================================================
[2025-08-06T11:27:12.652+0000] {manager.py:893} INFO - 
================================================================================
DAG File Processing Stats

File Path                             PID    Runtime      # DAGs    # Errors  Last Runtime    Last Run
------------------------------------  -----  ---------  --------  ----------  --------------  -------------------
/opt/airflow/dags/ml_pipeline_dag.py                           0           1  0.07s           2025-08-06T11:26:56
================================================================================
[2025-08-06T11:27:44.814+0000] {manager.py:893} INFO - 
================================================================================
DAG File Processing Stats

File Path                             PID    Runtime      # DAGs    # Errors  Last Runtime    Last Run
------------------------------------  -----  ---------  --------  ----------  --------------  -------------------
/opt/airflow/dags/ml_pipeline_dag.py                           0           1  0.06s           2025-08-06T11:27:28
================================================================================
[2025-08-06T11:28:16.930+0000] {manager.py:893} INFO - 
================================================================================
DAG File Processing Stats

File Path                             PID    Runtime      # DAGs    # Errors  Last Runtime    Last Run
------------------------------------  -----  ---------  --------  ----------  --------------  -------------------
/opt/airflow/dags/ml_pipeline_dag.py                           0           1  0.07s           2025-08-06T11:27:59
================================================================================
[2025-08-06T11:28:39.931+0000] {manager.py:759} INFO - Searching for files in /opt/airflow/dags
[2025-08-06T11:28:39.949+0000] {manager.py:762} INFO - There are 1 files in /opt/airflow/dags
[2025-08-06T11:28:49.030+0000] {manager.py:893} INFO - 
================================================================================
DAG File Processing Stats

File Path                             PID    Runtime      # DAGs    # Errors  Last Runtime    Last Run
------------------------------------  -----  ---------  --------  ----------  --------------  -------------------
/opt/airflow/dags/ml_pipeline_dag.py                           0           1  0.06s           2025-08-06T11:28:31
================================================================================
[2025-08-06T11:29:21.140+0000] {manager.py:893} INFO - 
================================================================================
DAG File Processing Stats

File Path                             PID    Runtime      # DAGs    # Errors  Last Runtime    Last Run
------------------------------------  -----  ---------  --------  ----------  --------------  -------------------
/opt/airflow/dags/ml_pipeline_dag.py                           0           1  0.08s           2025-08-06T11:29:04
================================================================================
[2025-08-06T11:29:53.278+0000] {manager.py:893} INFO - 
================================================================================
DAG File Processing Stats

File Path                             PID    Runtime      # DAGs    # Errors  Last Runtime    Last Run
------------------------------------  -----  ---------  --------  ----------  --------------  -------------------
/opt/airflow/dags/ml_pipeline_dag.py                           0           1  0.08s           2025-08-06T11:29:34
================================================================================
[2025-08-06T11:30:25.344+0000] {manager.py:893} INFO - 
================================================================================
DAG File Processing Stats

File Path                             PID    Runtime      # DAGs    # Errors  Last Runtime    Last Run
------------------------------------  -----  ---------  --------  ----------  --------------  -------------------
/opt/airflow/dags/ml_pipeline_dag.py                           0           1  0.09s           2025-08-06T11:30:04
================================================================================
[2025-08-06T11:30:57.585+0000] {manager.py:893} INFO - 
================================================================================
DAG File Processing Stats

File Path                             PID    Runtime      # DAGs    # Errors  Last Runtime    Last Run
------------------------------------  -----  ---------  --------  ----------  --------------  -------------------
/opt/airflow/dags/ml_pipeline_dag.py                           0           1  0.11s           2025-08-06T11:30:35
================================================================================
[2025-08-06T11:31:29.686+0000] {manager.py:893} INFO - 
================================================================================
DAG File Processing Stats

File Path                             PID    Runtime      # DAGs    # Errors  Last Runtime    Last Run
------------------------------------  -----  ---------  --------  ----------  --------------  -------------------
/opt/airflow/dags/ml_pipeline_dag.py                           0           1  0.08s           2025-08-06T11:31:05
================================================================================
[2025-08-06T11:32:01.755+0000] {manager.py:893} INFO - 
================================================================================
DAG File Processing Stats

File Path                             PID    Runtime      # DAGs    # Errors  Last Runtime    Last Run
------------------------------------  -----  ---------  --------  ----------  --------------  -------------------
/opt/airflow/dags/ml_pipeline_dag.py                           0           1  0.07s           2025-08-06T11:31:35
================================================================================
[2025-08-06T11:32:33.843+0000] {manager.py:893} INFO - 
================================================================================
DAG File Processing Stats

File Path                             PID    Runtime      # DAGs    # Errors  Last Runtime    Last Run
------------------------------------  -----  ---------  --------  ----------  --------------  -------------------
/opt/airflow/dags/ml_pipeline_dag.py                           0           1  0.07s           2025-08-06T11:32:06
================================================================================
